<?xml version="1.0" encoding="UTF-8"?>
<!-- Generated by org.testng.reporters.JUnitReportReporter -->
<testsuite hostname="Dell-PC" failures="0" tests="1" name="scripts.Script2" time="3.971" errors="0" timestamp="2022-12-21T22:49:56 IST" skipped="0">
  <testcase classname="scripts.Script2" name="deleteProduct" time="3.971"/>
  <system-out/>
</testsuite> <!-- scripts.Script2 -->
