<?xml version="1.0" encoding="UTF-8"?>
<!-- Generated by org.testng.reporters.JUnitReportReporter -->
<testsuite hostname="Dell-PC" failures="0" tests="1" name="scripts.Script1" time="4.636" errors="0" timestamp="2022-12-23T12:20:23 IST" skipped="0">
  <testcase classname="scripts.Script1" name="createCustomer" time="4.636"/>
  <system-out/>
</testsuite> <!-- scripts.Script1 -->
